<?xml version="1.0" encoding="utf-8"?><testsuites name="pytest tests"><testsuite name="pytest" errors="0" failures="0" skipped="0" tests="28" time="22.674" timestamp="2026-07-20T12:43:22.729331+00:00" hostname="agent-env-1567e779-1049-4657-9026-42f6c3b7ffe1"><testcase classname="tests.governance.test_artifacts_and_citations.TestArtifactsAndCitations" name="test_intake_persists_artifacts" time="0.671" /><testcase classname="tests.governance.test_artifacts_and_citations.TestArtifactsAndCitations" name="test_phase_outputs_carry_citations_and_missing" time="2.196" /><testcase classname="tests.governance.test_artifacts_and_citations.TestArtifactsAndCitations" name="test_missing_artifact_surfaced" time="0.940" /><testcase classname="tests.governance.test_artifacts_and_citations.TestArtifactsAndCitations" name="test_artifacts_endpoint_returns_citations" time="0.865" /><testcase classname="tests.governance.test_artifacts_and_citations.TestArtifactsAndCitations" name="test_upload_additional_artifacts" time="0.115" /><testcase classname="tests.governance.test_artifacts_and_citations.TestArtifactsAndCitations" name="test_runs_list_endpoint" time="0.040" /><testcase classname="tests.governance.test_gap_analysis.TestGapAnalysis" name="test_good_dpia_no_blocker_gaps" time="0.084" /><testcase classname="tests.governance.test_gap_analysis.TestGapAnalysis" name="test_bad_dpia_triggers_blocker_gap_on_measures_envisaged" time="0.097" /><testcase classname="tests.governance.test_gap_analysis.TestGapAnalysis" name="test_bad_dpia_blocks_data_protection_phase" time="0.464" /><testcase classname="tests.governance.test_gap_analysis.TestGapAnalysis" name="test_multipart_upload_computes_sha256_and_gaps" time="0.111" /><testcase classname="tests.governance.test_gap_analysis.TestGapAnalysis" name="test_pdf_extraction_via_multipart" time="0.146" /><testcase classname="tests.governance.test_gap_analysis.TestGapAnalysis" name="test_bias_test_missing_di_is_blocker" time="0.087" /><testcase classname="tests.governance.test_gap_analysis.TestGapAnalysis" name="test_artifact_text_endpoint" time="0.119" /><testcase classname="tests.governance.test_governance_pipeline.TestFullPipeline" name="test_nine_phases_and_certificate" time="1.854" /><testcase classname="tests.governance.test_governance_pipeline.TestFullPipeline" name="test_phase_ordering_enforced" time="0.377" /><testcase classname="tests.governance.test_governance_pipeline.TestFullPipeline" name="test_blocker_halts_pipeline_and_blocks_cert" time="0.423" /><testcase classname="tests.governance.test_governance_pipeline.TestFullPipeline" name="test_least_privilege_scopes" time="0.478" /><testcase classname="tests.governance.test_governance_pipeline.TestFullPipeline" name="test_request_hash_mismatch_rejected" time="0.001" /><testcase classname="tests.governance.test_governance_pipeline.TestReaudit" name="test_reaudit_reissues_and_supersedes" time="1.127" /><testcase classname="tests.governance.test_governance_pipeline.TestReaudit" name="test_reaudit_blocker_revokes_certificate" time="0.916" /><testcase classname="tests.governance.test_governance_pipeline.TestReaudit" name="test_monitoring_observation_triggers_reaudit" time="3.358" /><testcase classname="tests.governance.test_governance_pipeline.TestEventFabric" name="test_phase_events_delivered" time="0.003" /><testcase classname="tests.governance.test_governance_pipeline.TestEventFabric" name="test_poison_event_routed_to_dead_letter" time="8.012" /><testcase classname="tests.governance.test_new_backend_endpoints.TestAuth" name="test_all_four_roles_issue_tokens" time="0.007" /><testcase classname="tests.governance.test_new_backend_endpoints.TestAuth" name="test_bad_secret_401" time="0.001" /><testcase classname="tests.governance.test_new_backend_endpoints.TestRunsList" name="test_runs_list" time="0.004" /><testcase classname="tests.governance.test_new_backend_endpoints.TestCertificates" name="test_certificates_active_list" time="0.003" /><testcase classname="tests.governance.test_new_backend_endpoints.TestCertificates" name="test_certificate_revoke_flow" time="0.014" /></testsuite></testsuites>