<?xml version="1.0" encoding="utf-8"?><testsuites name="pytest tests"><testsuite name="pytest" errors="0" failures="0" skipped="0" tests="10" time="13.873" timestamp="2026-07-20T08:53:43.477489+00:00" hostname="agent-env-1567e779-1049-4657-9026-42f6c3b7ffe1"><testcase classname="tests.governance.test_governance_pipeline.TestFullPipeline" name="test_nine_phases_and_certificate" time="0.972" /><testcase classname="tests.governance.test_governance_pipeline.TestFullPipeline" name="test_phase_ordering_enforced" time="0.309" /><testcase classname="tests.governance.test_governance_pipeline.TestFullPipeline" name="test_blocker_halts_pipeline_and_blocks_cert" time="0.314" /><testcase classname="tests.governance.test_governance_pipeline.TestFullPipeline" name="test_least_privilege_scopes" time="0.392" /><testcase classname="tests.governance.test_governance_pipeline.TestFullPipeline" name="test_request_hash_mismatch_rejected" time="0.001" /><testcase classname="tests.governance.test_governance_pipeline.TestReaudit" name="test_reaudit_reissues_and_supersedes" time="0.650" /><testcase classname="tests.governance.test_governance_pipeline.TestReaudit" name="test_reaudit_blocker_revokes_certificate" time="0.754" /><testcase classname="tests.governance.test_governance_pipeline.TestReaudit" name="test_monitoring_observation_triggers_reaudit" time="2.406" /><testcase classname="tests.governance.test_governance_pipeline.TestEventFabric" name="test_phase_events_delivered" time="0.003" /><testcase classname="tests.governance.test_governance_pipeline.TestEventFabric" name="test_poison_event_routed_to_dead_letter" time="8.013" /></testsuite></testsuites>